\BOOKMARK [1][]{section.1}{\376\377\000I\000n\000t\000r\000o\000d\000u\000c\000t\000i\000o\000n}{}% 1
\BOOKMARK [2][]{subsection.1.1}{\376\377\000R\000e\000s\000e\000a\000r\000c\000h\000\040\000B\000a\000c\000k\000g\000r\000o\000u\000n\000d\000\040\000a\000n\000d\000\040\000M\000o\000t\000i\000v\000a\000t\000i\000o\000n}{section.1}% 2
\BOOKMARK [2][]{subsection.1.2}{\376\377\000L\000i\000m\000i\000t\000a\000t\000i\000o\000n\000s\000\040\000o\000f\000\040\000E\000x\000i\000s\000t\000i\000n\000g\000\040\000M\000e\000t\000h\000o\000d\000s}{section.1}% 3
\BOOKMARK [2][]{subsection.1.3}{\376\377\000M\000a\000i\000n\000\040\000C\000o\000n\000t\000r\000i\000b\000u\000t\000i\000o\000n\000s}{section.1}% 4
\BOOKMARK [2][]{subsection.1.4}{\376\377\000P\000a\000p\000e\000r\000\040\000S\000t\000r\000u\000c\000t\000u\000r\000e}{section.1}% 5
\BOOKMARK [1][]{section.2}{\376\377\000R\000e\000l\000a\000t\000e\000d\000\040\000W\000o\000r\000k}{}% 6
\BOOKMARK [2][]{subsection.2.1}{\376\377\000R\000e\000t\000r\000i\000e\000v\000a\000l\000-\000A\000u\000g\000m\000e\000n\000t\000e\000d\000\040\000G\000e\000n\000e\000r\000a\000t\000i\000o\000n\000\040\000S\000u\000r\000v\000e\000y}{section.2}% 7
\BOOKMARK [3][]{subsubsection.2.1.1}{\376\377\000R\000A\000G\000\040\000E\000v\000o\000l\000u\000t\000i\000o\000n}{subsection.2.1}% 8
\BOOKMARK [3][]{subsubsection.2.1.2}{\376\377\000S\000p\000a\000r\000s\000e\040\023\000D\000e\000n\000s\000e\000\040\000H\000y\000b\000r\000i\000d\000\040\000R\000e\000t\000r\000i\000e\000v\000a\000l}{subsection.2.1}% 9
\BOOKMARK [2][]{subsection.2.2}{\376\377\000K\000n\000o\000w\000l\000e\000d\000g\000e\000\040\000G\000r\000a\000p\000h\000\040\000C\000o\000n\000s\000t\000r\000u\000c\000t\000i\000o\000n\000\040\000a\000n\000d\000\040\000R\000e\000a\000s\000o\000n\000i\000n\000g}{section.2}% 10
\BOOKMARK [3][]{subsubsection.2.2.1}{\376\377\000L\000L\000M\000-\000B\000a\000s\000e\000d\000\040\000Z\000e\000r\000o\000-\000S\000h\000o\000t\000\040\000T\000r\000i\000p\000l\000e\000\040\000E\000x\000t\000r\000a\000c\000t\000i\000o\000n}{subsection.2.2}% 11
\BOOKMARK [3][]{subsubsection.2.2.2}{\376\377\000S\000t\000r\000u\000c\000t\000u\000r\000e\000d\000\040\000K\000n\000o\000w\000l\000e\000d\000g\000e\000\040\000E\000x\000t\000r\000a\000c\000t\000i\000o\000n\000\040\000f\000r\000o\000m\000\040\000C\000A\000D\000\040\000G\000e\000o\000m\000e\000t\000r\000y}{subsection.2.2}% 12
\BOOKMARK [3][]{subsubsection.2.2.3}{\376\377\000B\000O\000M\000-\000D\000r\000i\000v\000e\000n\000\040\000E\000n\000t\000i\000t\000y\000\040\000R\000e\000g\000i\000s\000t\000r\000a\000t\000i\000o\000n\000\040\000a\000n\000d\000\040\000A\000l\000i\000g\000n\000m\000e\000n\000t}{subsection.2.2}% 13
\BOOKMARK [3][]{subsubsection.2.2.4}{\376\377\000M\000u\000l\000t\000i\000-\000A\000g\000e\000n\000t\000\040\000K\000n\000o\000w\000l\000e\000d\000g\000e\000\040\000E\000x\000t\000r\000a\000c\000t\000i\000o\000n}{subsection.2.2}% 14
\BOOKMARK [3][]{subsubsection.2.2.5}{\376\377\000G\000r\000a\000p\000h\000\040\000R\000e\000a\000s\000o\000n\000i\000n\000g\000\040\000a\000n\000d\000\040\000R\000A\000G\000\040\000F\000u\000s\000i\000o\000n}{subsection.2.2}% 15
\BOOKMARK [2][]{subsection.2.3}{\376\377\000M\000u\000l\000t\000i\000m\000o\000d\000a\000l\000\040\000I\000n\000f\000o\000r\000m\000a\000t\000i\000o\000n\000\040\000R\000e\000t\000r\000i\000e\000v\000a\000l}{section.2}% 16
\BOOKMARK [3][]{subsubsection.2.3.1}{\376\377\000C\000r\000o\000s\000s\000-\000M\000o\000d\000a\000l\000\040\000E\000m\000b\000e\000d\000d\000i\000n\000g\000\040\000a\000n\000d\000\040\000I\000m\000a\000g\000e\000-\000T\000e\000x\000t\000\040\000R\000e\000t\000r\000i\000e\000v\000a\000l}{subsection.2.3}% 17
\BOOKMARK [3][]{subsubsection.2.3.2}{\376\377\000I\000n\000d\000u\000s\000t\000r\000i\000a\000l\000\040\000D\000o\000c\000u\000m\000e\000n\000t\000\040\000M\000u\000l\000t\000i\000m\000o\000d\000a\000l\000\040\000P\000r\000o\000c\000e\000s\000s\000i\000n\000g}{subsection.2.3}% 18
\BOOKMARK [3][]{subsubsection.2.3.3}{\376\377\000M\000u\000l\000t\000i\000-\000Q\000u\000e\000r\000y\000\040\000E\000x\000p\000a\000n\000s\000i\000o\000n}{subsection.2.3}% 19
\BOOKMARK [2][]{subsection.2.4}{\376\377\000A\000v\000i\000a\000t\000i\000o\000n\000\040\000E\000n\000g\000i\000n\000e\000\040\000A\000s\000s\000e\000m\000b\000l\000y\000\040\000I\000n\000t\000e\000l\000l\000i\000g\000e\000n\000c\000e}{section.2}% 20
\BOOKMARK [1][]{section.3}{\376\377\000M\000e\000t\000h\000o\000d\000o\000l\000o\000g\000y}{}% 21
\BOOKMARK [2][]{subsection.3.1}{\376\377\000S\000y\000s\000t\000e\000m\000\040\000O\000v\000e\000r\000v\000i\000e\000w}{section.3}% 22
\BOOKMARK [2][]{subsection.3.2}{\376\377\000T\000h\000r\000e\000e\000-\000S\000o\000u\000r\000c\000e\000\040\000K\000n\000o\000w\000l\000e\000d\000g\000e\000-\000G\000r\000a\000p\000h\000\040\000C\000o\000n\000s\000t\000r\000u\000c\000t\000i\000o\000n}{section.3}% 23
\BOOKMARK [3][]{subsubsection.3.2.1}{\376\377\000K\000n\000o\000w\000l\000e\000d\000g\000e\000-\000G\000r\000a\000p\000h\000\040\000O\000n\000t\000o\000l\000o\000g\000y\000\040\000D\000e\000s\000i\000g\000n}{subsection.3.2}% 24
\BOOKMARK [3][]{subsubsection.3.2.2}{\376\377\000M\000u\000l\000t\000i\000-\000A\000g\000e\000n\000t\000\040\000C\000o\000l\000l\000a\000b\000o\000r\000a\000t\000i\000v\000e\000\040\000E\000x\000t\000r\000a\000c\000t\000i\000o\000n\000\040\000P\000i\000p\000e\000l\000i\000n\000e}{subsection.3.2}% 25
\BOOKMARK [3][]{subsubsection.3.2.3}{\376\377\000K\000n\000o\000w\000l\000e\000d\000g\000e\000\040\000F\000u\000s\000i\000o\000n\000\040\000a\000n\000d\000\040\000C\000o\000n\000s\000i\000s\000t\000e\000n\000c\000y\000\040\000V\000e\000r\000i\000f\000i\000c\000a\000t\000i\000o\000n}{subsection.3.2}% 26
\BOOKMARK [3][]{subsubsection.3.2.4}{\376\377\000H\000u\000m\000a\000n\000-\000i\000n\000-\000t\000h\000e\000-\000L\000o\000o\000p\000\040\000S\000t\000a\000g\000e\000\040\000G\000a\000t\000e\000s}{subsection.3.2}% 27
\BOOKMARK [2][]{subsection.3.3}{\376\377\000D\000o\000c\000u\000m\000e\000n\000t\000\040\000P\000a\000r\000s\000i\000n\000g\000\040\000a\000n\000d\000\040\000M\000u\000l\000t\000i\000m\000o\000d\000a\000l\000\040\000V\000e\000c\000t\000o\000r\000i\000z\000a\000t\000i\000o\000n}{section.3}% 28
\BOOKMARK [3][]{subsubsection.3.3.1}{\376\377\000D\000o\000c\000u\000m\000e\000n\000t\000\040\000P\000a\000r\000s\000i\000n\000g\000\040\000P\000i\000p\000e\000l\000i\000n\000e}{subsection.3.3}% 29
\BOOKMARK [3][]{subsubsection.3.3.2}{\376\377\000M\000u\000l\000t\000i\000m\000o\000d\000a\000l\000\040\000V\000e\000c\000t\000o\000r\000i\000z\000a\000t\000i\000o\000n\000\040\000a\000n\000d\000\040\000D\000u\000a\000l\000\040\000I\000n\000d\000e\000x\000\040\000C\000o\000n\000s\000t\000r\000u\000c\000t\000i\000o\000n}{subsection.3.3}% 30
\BOOKMARK [2][]{subsection.3.4}{\376\377\000M\000u\000l\000t\000i\000-\000P\000a\000t\000h\000\040\000H\000y\000b\000r\000i\000d\000\040\000R\000e\000t\000r\000i\000e\000v\000a\000l}{section.3}% 31
\BOOKMARK [3][]{subsubsection.3.4.1}{\376\377\000M\000u\000l\000t\000i\000-\000Q\000u\000e\000r\000y\000\040\000E\000x\000p\000a\000n\000s\000i\000o\000n}{subsection.3.4}% 32
\BOOKMARK [3][]{subsubsection.3.4.2}{\376\377\000P\000a\000t\000h\000\040\0001\000:\000\040\000D\000e\000n\000s\000e\000\040\000V\000e\000c\000t\000o\000r\000\040\000R\000e\000t\000r\000i\000e\000v\000a\000l}{subsection.3.4}% 33
\BOOKMARK [3][]{subsubsection.3.4.3}{\376\377\000P\000a\000t\000h\000\040\0002\000:\000\040\000B\000M\0002\0005\000\040\000S\000p\000a\000r\000s\000e\000\040\000R\000e\000t\000r\000i\000e\000v\000a\000l}{subsection.3.4}% 34
\BOOKMARK [3][]{subsubsection.3.4.4}{\376\377\000P\000a\000t\000h\000\040\0003\000:\000\040\000C\000r\000o\000s\000s\000-\000M\000o\000d\000a\000l\000\040\000I\000m\000a\000g\000e\000\040\000R\000e\000t\000r\000i\000e\000v\000a\000l}{subsection.3.4}% 35
\BOOKMARK [3][]{subsubsection.3.4.5}{\376\377\000P\000a\000t\000h\000\040\0004\000:\000\040\000K\000n\000o\000w\000l\000e\000d\000g\000e\000-\000G\000r\000a\000p\000h\000\040\000R\000e\000t\000r\000i\000e\000v\000a\000l}{subsection.3.4}% 36
\BOOKMARK [3][]{subsubsection.3.4.6}{\376\377\000F\000o\000u\000r\000-\000P\000a\000t\000h\000\040\000R\000R\000F\000\040\000F\000u\000s\000i\000o\000n}{subsection.3.4}% 37
\BOOKMARK [2][]{subsection.3.5}{\376\377\000C\000r\000o\000s\000s\000-\000E\000n\000c\000o\000d\000e\000r\000\040\000R\000e\000-\000r\000a\000n\000k\000i\000n\000g}{section.3}% 38
\BOOKMARK [2][]{subsection.3.6}{\376\377\000A\000n\000s\000w\000e\000r\000\040\000G\000e\000n\000e\000r\000a\000t\000i\000o\000n}{section.3}% 39
\BOOKMARK [1][]{section.4}{\376\377\000E\000x\000p\000e\000r\000i\000m\000e\000n\000t\000s\000\040\000a\000n\000d\000\040\000R\000e\000s\000u\000l\000t\000s}{}% 40
\BOOKMARK [2][]{subsection.4.1}{\376\377\000E\000x\000p\000e\000r\000i\000m\000e\000n\000t\000a\000l\000\040\000S\000e\000t\000u\000p}{section.4}% 41
\BOOKMARK [2][]{subsection.4.2}{\376\377\000D\000a\000t\000a\000s\000e\000t\000\040\000C\000o\000n\000s\000t\000r\000u\000c\000t\000i\000o\000n}{section.4}% 42
\BOOKMARK [3][]{subsubsection.4.2.1}{\376\377\000K\000n\000o\000w\000l\000e\000d\000g\000e\000-\000S\000o\000u\000r\000c\000e\000\040\000C\000o\000r\000p\000u\000s}{subsection.4.2}% 43
\BOOKMARK [3][]{subsubsection.4.2.2}{\376\377\000Q\000A\000\040\000B\000e\000n\000c\000h\000m\000a\000r\000k}{subsection.4.2}% 44
\BOOKMARK [2][]{subsection.4.3}{\376\377\000E\000v\000a\000l\000u\000a\000t\000i\000o\000n\000\040\000M\000e\000t\000r\000i\000c\000s}{section.4}% 45
\BOOKMARK [3][]{subsubsection.4.3.1}{\376\377\000R\000e\000t\000r\000i\000e\000v\000a\000l\000-\000S\000t\000a\000g\000e\000\040\000M\000e\000t\000r\000i\000c\000s\000\040\000\050\000T\000i\000e\000r\000-\0001\000\051}{subsection.4.3}% 46
\BOOKMARK [3][]{subsubsection.4.3.2}{\376\377\000G\000e\000n\000e\000r\000a\000t\000i\000o\000n\000-\000S\000t\000a\000g\000e\000\040\000M\000e\000t\000r\000i\000c\000s}{subsection.4.3}% 47
\BOOKMARK [2][]{subsection.4.4}{\376\377\000B\000a\000s\000e\000l\000i\000n\000e\000s}{section.4}% 48
\BOOKMARK [2][]{subsection.4.5}{\376\377\000M\000a\000i\000n\000\040\000R\000e\000s\000u\000l\000t\000s}{section.4}% 49
\BOOKMARK [3][]{subsubsection.4.5.1}{\376\377\000T\000i\000e\000r\000-\0001\000\040\000R\000e\000t\000r\000i\000e\000v\000a\000l\000\040\000C\000o\000m\000p\000a\000r\000i\000s\000o\000n}{subsection.4.5}% 50
\BOOKMARK [3][]{subsubsection.4.5.2}{\376\377\000T\000i\000e\000r\000-\0001\000\040\000G\000e\000n\000e\000r\000a\000t\000i\000o\000n\000\040\000C\000o\000m\000p\000a\000r\000i\000s\000o\000n}{subsection.4.5}% 51
\BOOKMARK [3][]{subsubsection.4.5.3}{\376\377\000Q\000u\000e\000s\000t\000i\000o\000n\000-\000T\000y\000p\000e\000\040\000A\000n\000a\000l\000y\000s\000i\000s}{subsection.4.5}% 52
\BOOKMARK [3][]{subsubsection.4.5.4}{\376\377\000T\000i\000e\000r\000-\0002\000\040\000C\000r\000o\000s\000s\000-\000C\000h\000a\000p\000t\000e\000r\000\040\000C\000o\000a\000r\000s\000e\000\040\000E\000v\000a\000l\000u\000a\000t\000i\000o\000n}{subsection.4.5}% 53
\BOOKMARK [2][]{subsection.4.6}{\376\377\000A\000b\000l\000a\000t\000i\000o\000n\000\040\000S\000t\000u\000d\000y}{section.4}% 54
\BOOKMARK [2][]{subsection.4.7}{\376\377\000E\000n\000g\000i\000n\000e\000e\000r\000i\000n\000g\000\040\000P\000e\000r\000f\000o\000r\000m\000a\000n\000c\000e\000\040\000a\000n\000d\000\040\000H\000a\000l\000l\000u\000c\000i\000n\000a\000t\000i\000o\000n\000\040\000A\000n\000a\000l\000y\000s\000i\000s}{section.4}% 55
\BOOKMARK [1][]{section.5}{\376\377\000D\000i\000s\000c\000u\000s\000s\000i\000o\000n}{}% 56
\BOOKMARK [2][]{subsection.5.1}{\376\377\000P\000a\000t\000h\000\040\000C\000o\000n\000t\000r\000i\000b\000u\000t\000i\000o\000n\000\040\000A\000n\000a\000l\000y\000s\000i\000s}{section.5}% 57
\BOOKMARK [2][]{subsection.5.2}{\376\377\000K\000n\000o\000w\000l\000e\000d\000g\000e\000-\000G\000r\000a\000p\000h\000\040\000Q\000u\000a\000l\000i\000t\000y\000\040\000I\000m\000p\000a\000c\000t\000\040\000o\000n\000\040\000G\000e\000n\000e\000r\000a\000t\000i\000o\000n}{section.5}% 58
\BOOKMARK [3][]{subsubsection.5.2.1}{\376\377\000T\000h\000r\000e\000e\000-\000S\000o\000u\000r\000c\000e\000\040\000K\000G\000\040\000C\000o\000n\000s\000t\000r\000u\000c\000t\000i\000o\000n\000\040\000O\000u\000t\000c\000o\000m\000e\000s}{subsection.5.2}% 59
\BOOKMARK [3][]{subsubsection.5.2.2}{\376\377\000C\000r\000o\000s\000s\000-\000S\000o\000u\000r\000c\000e\000\040\000E\000n\000t\000i\000t\000y\000-\000A\000l\000i\000g\000n\000m\000e\000n\000t\000\040\000C\000h\000a\000l\000l\000e\000n\000g\000e\000s}{subsection.5.2}% 60
\BOOKMARK [3][]{subsubsection.5.2.3}{\376\377\000B\000o\000u\000n\000d\000a\000r\000y\000\040\000V\000a\000l\000u\000e\000\040\000o\000f\000\040\000H\000I\000T\000L\000\040\000R\000e\000v\000i\000e\000w}{subsection.5.2}% 61
\BOOKMARK [2][]{subsection.5.3}{\376\377\000L\000i\000m\000i\000t\000a\000t\000i\000o\000n\000s\000\040\000a\000n\000d\000\040\000F\000u\000t\000u\000r\000e\000\040\000W\000o\000r\000k}{section.5}% 62
\BOOKMARK [1][]{section.6}{\376\377\000C\000o\000n\000c\000l\000u\000s\000i\000o\000n\000s}{}% 63
\BOOKMARK [2][]{subsection.6.1}{\376\377\000R\000e\000s\000e\000a\000r\000c\000h\000\040\000S\000u\000m\000m\000a\000r\000y}{section.6}% 64
\BOOKMARK [2][]{subsection.6.2}{\376\377\000R\000e\000s\000e\000a\000r\000c\000h\000\040\000I\000n\000n\000o\000v\000a\000t\000i\000o\000n\000s}{section.6}% 65
\BOOKMARK [2][]{subsection.6.3}{\376\377\000E\000n\000g\000i\000n\000e\000e\000r\000i\000n\000g\000\040\000V\000a\000l\000u\000e\000\040\000a\000n\000d\000\040\000A\000p\000p\000l\000i\000c\000a\000t\000i\000o\000n\000\040\000P\000r\000o\000s\000p\000e\000c\000t\000s}{section.6}% 66
\BOOKMARK [2][]{subsection.6.4}{\376\377\000F\000u\000t\000u\000r\000e\000\040\000W\000o\000r\000k}{section.6}% 67
\BOOKMARK [1][]{appendix.A}{\376\377\000A\000p\000p\000e\000n\000d\000i\000x\000\040\000A}{}% 68
\BOOKMARK [1][]{appendix.B}{\376\377\000R\000e\000f\000e\000r\000e\000n\000c\000e\000s}{}% 69
